Command line:
   tb_isim_beh.exe
     -simmode  gui
     -simrunnum  0
     -socket  61360

Tue Jun 06 13:38:45 2023


 Elaboration Time: 0.03125 sec

 Current Memory Usage: 824.938 Meg

 Total Signals          : 75
 Total Nets             : 72
 Total Signal Drivers   : 33
 Total Blocks           : 17
 Total Primitive Blocks : 8
 Total Processes        : 59
 Total Traceable Variables  : 102
 Total Scalar Nets and Variables : 1349
Total Line Count : 244

 Total Simulation Time: 18.8125 sec

 Current Memory Usage: 824.938 Meg

Tue Jun 06 13:39:15 2023

