Command line:
   tb_isim_beh.exe
     -simmode  gui
     -simrunnum  0
     -socket  57944

Mon Jun 05 17:02:03 2023


 Elaboration Time: 0.03125 sec

 Current Memory Usage: 827.224 Meg

 Total Signals          : 86
 Total Nets             : 6550
 Total Signal Drivers   : 43
 Total Blocks           : 9
 Total Primitive Blocks : 6
 Total Processes        : 56
 Total Traceable Variables  : 117
 Total Scalar Nets and Variables : 16936
Total Line Count : 237
Total Line Count : 237

 Total Simulation Time: 7.5625 sec

 Current Memory Usage: 355.627 Meg

Mon Jun 05 17:04:31 2023

