Release 14.7 Map P.20131013 (nt)
Xilinx Mapping Report File for Design 'main'

Design Information
------------------
Command Line   : map -intstyle ise -p xc6slx16-csg324-3 -w -logic_opt off -ol
high -t 1 -xt 0 -register_duplication off -r 4 -global_opt off -mt off -detail
-ir off -pr off -lc off -power off -o main_map.ncd main.ngd main.pcf 
Target Device  : xc6slx16
Target Package : csg324
Target Speed   : -3
Mapper Version : spartan6 -- $Revision: 1.55 $
Mapped Date    : Tue Jun 06 13:58:50 2023

Design Summary
--------------
Number of errors:      0
Number of warnings:    0
Slice Logic Utilization:
  Number of Slice Registers:                   542 out of  18,224    2%
    Number used as Flip Flops:                 542
    Number used as Latches:                      0
    Number used as Latch-thrus:                  0
    Number used as AND/OR logics:                0
  Number of Slice LUTs:                      4,617 out of   9,112   50%
    Number used as logic:                    4,614 out of   9,112   50%
      Number using O6 output only:           3,775
      Number using O5 output only:              33
      Number using O5 and O6:                  806
      Number used as ROM:                        0
    Number used as Memory:                       0 out of   2,176    0%
    Number used exclusively as route-thrus:      3
      Number with same-slice register load:      0
      Number with same-slice carry load:         3
      Number with other load:                    0

Slice Logic Distribution:
  Number of occupied Slices:                 1,357 out of   2,278   59%
  Number of MUXCYs used:                       732 out of   4,556   16%
  Number of LUT Flip Flop pairs used:        4,617
    Number with an unused Flip Flop:         4,081 out of   4,617   88%
    Number with an unused LUT:                   0 out of   4,617    0%
    Number of fully used LUT-FF pairs:         536 out of   4,617   11%
    Number of unique control sets:              23
    Number of slice register sites lost
      to control set restrictions:             106 out of  18,224    1%

  A LUT Flip Flop pair for this architecture represents one LUT paired with
  one Flip Flop within a slice.  A control set is a unique combination of
  clock, reset, set, and enable signals for a registered element.
  The Slice Logic Distribution report is not meaningful if the design is
  over-mapped for a non-slice resource or if Placement fails.

IO Utilization:
  Number of bonded IOBs:                        17 out of     232    7%
    Number of LOCed IOBs:                       17 out of      17  100%

Specific Feature Utilization:
  Number of RAMB16BWERs:                         0 out of      32    0%
  Number of RAMB8BWERs:                          0 out of      64    0%
  Number of BUFIO2/BUFIO2_2CLKs:                 0 out of      32    0%
  Number of BUFIO2FB/BUFIO2FB_2CLKs:             0 out of      32    0%
  Number of BUFG/BUFGMUXs:                       3 out of      16   18%
    Number used as BUFGs:                        3
    Number used as BUFGMUX:                      0
  Number of DCM/DCM_CLKGENs:                     0 out of       4    0%
  Number of ILOGIC2/ISERDES2s:                   0 out of     248    0%
  Number of IODELAY2/IODRP2/IODRP2_MCBs:         0 out of     248    0%
  Number of OLOGIC2/OSERDES2s:                   0 out of     248    0%
  Number of BSCANs:                              0 out of       4    0%
  Number of BUFHs:                               0 out of     128    0%
  Number of BUFPLLs:                             0 out of       8    0%
  Number of BUFPLL_MCBs:                         0 out of       4    0%
  Number of DSP48A1s:                            0 out of      32    0%
  Number of ICAPs:                               0 out of       1    0%
  Number of MCBs:                                0 out of       2    0%
  Number of PCILOGICSEs:                         0 out of       2    0%
  Number of PLL_ADVs:                            0 out of       2    0%
  Number of PMVs:                                0 out of       1    0%
  Number of STARTUPs:                            0 out of       1    0%
  Number of SUSPEND_SYNCs:                       0 out of       1    0%

Average Fanout of Non-Clock Nets:                4.81

Peak Memory Usage:  317 MB
Total REAL time to MAP completion:  1 mins 12 secs 
Total CPU time to MAP completion:   1 mins 12 secs 

Table of Contents
-----------------
Section 1 - Errors
Section 2 - Warnings
Section 3 - Informational
Section 4 - Removed Logic Summary
Section 5 - Removed Logic
Section 6 - IOB Properties
Section 7 - RPMs
Section 8 - Guide Report
Section 9 - Area Group and Partition Summary
Section 10 - Timing Report
Section 11 - Configuration String Information
Section 12 - Control Set Information
Section 13 - Utilization by Hierarchy

Section 1 - Errors
------------------

Section 2 - Warnings
--------------------

Section 3 - Informational
-------------------------
INFO:LIT:243 - Logical network BtnM_IBUF has no load.
INFO:MapLib:562 - No environment variables are currently set.
INFO:LIT:244 - All of the single ended outputs in this design are using slew
   rate limited output drivers. The delay on speed critical single ended outputs
   can be dramatically reduced by designating them as fast outputs.
INFO:Pack:1716 - Initializing temperature to 85.000 Celsius. (default - Range:
   0.000 to 85.000 Celsius)
INFO:Pack:1720 - Initializing voltage to 1.140 Volts. (default - Range: 1.140 to
   1.260 Volts)
INFO:Map:215 - The Interim Design Summary has been generated in the MAP Report
   (.mrp).
INFO:Pack:1650 - Map created a placed design.

Section 4 - Removed Logic Summary
---------------------------------
   2 block(s) optimized away
  45 Block(s) redundant

Section 5 - Removed Logic
-------------------------

Optimized Block(s):
TYPE 		BLOCK
GND 		XST_GND
VCC 		XST_VCC

Redundant Block(s):
TYPE 		BLOCK
LUT1 		b0/m0/Mcount_cnt_cy<1>_rt
LUT1 		b0/m0/Mcount_cnt_cy<2>_rt
LUT1 		b0/m0/Mcount_cnt_cy<3>_rt
LUT1 		b0/m0/Mcount_cnt_cy<4>_rt
LUT1 		b0/m0/Mcount_cnt_cy<5>_rt
LUT1 		b0/m0/Mcount_cnt_cy<6>_rt
LUT1 		b0/m0/Mcount_cnt_cy<7>_rt
LUT1 		b0/m0/Mcount_cnt_cy<8>_rt
LUT1 		b0/m0/Mcount_cnt_cy<9>_rt
LUT1 		b0/m0/Mcount_cnt_cy<10>_rt
LUT1 		b0/m0/Mcount_cnt_cy<11>_rt
LUT1 		b0/m0/Mcount_cnt_cy<12>_rt
LUT1 		b0/m0/Mcount_cnt_cy<13>_rt
LUT1 		b0/m0/Mcount_cnt_cy<14>_rt
LUT1 		vga0/Mcount_cnt_y_cy<9>_rt
LUT1 		vga0/Mcount_cnt_y_cy<8>_rt
LUT1 		vga0/Mcount_cnt_y_cy<7>_rt
LUT1 		vga0/Mcount_cnt_y_cy<6>_rt
LUT1 		vga0/Mcount_cnt_y_cy<5>_rt
LUT1 		vga0/Mcount_cnt_y_cy<4>_rt
LUT1 		vga0/Mcount_cnt_y_cy<3>_rt
LUT1 		vga0/Mcount_cnt_y_cy<2>_rt
LUT1 		vga0/Mcount_cnt_y_cy<1>_rt
LUT1 		vga0/Mcount_cnt_x_cy<9>_rt
LUT1 		vga0/Mcount_cnt_x_cy<8>_rt
LUT1 		vga0/Mcount_cnt_x_cy<7>_rt
LUT1 		vga0/Mcount_cnt_x_cy<6>_rt
LUT1 		vga0/Mcount_cnt_x_cy<5>_rt
LUT1 		vga0/Mcount_cnt_x_cy<4>_rt
LUT1 		vga0/Mcount_cnt_x_cy<3>_rt
LUT1 		vga0/Mcount_cnt_x_cy<2>_rt
LUT1 		vga0/Mcount_cnt_x_cy<1>_rt
LUT1 		b0/m0/Mcount_cnt_xor<15>_rt
LUT1 		vga0/Mcount_cnt_y_xor<10>_rt
LUT1 		vga0/Mcount_cnt_x_xor<10>_rt
INV 		vga0/Mcount_cnt_y_lut<0>_INV_0
INV 		BtnR_inv1_INV_0
INV 		BtnL_inv1_INV_0
INV 		BtnD_inv1_INV_0
INV 		BtnU_inv1_INV_0
INV 		g0/randgen/rst_n_inv1_INV_0
INV 		g0/Mmux_RArrows[9][10]_RArrows[9][10]_MUX_553_o131_F_INV_0
INV 		g0/Mmux_DArrows[9][10]_DArrows[9][10]_MUX_542_o131_F_INV_0
INV 		g0/Mmux_LArrows[9][10]_LArrows[9][10]_MUX_564_o131_F_INV_0
INV 		g0/Mmux_UArrows[9][10]_UArrows[9][10]_MUX_531_o131_F_INV_0

Section 6 - IOB Properties
--------------------------

+---------------------------------------------------------------------------------------------------------------------------------------------------------+
| IOB Name                           | Type             | Direction | IO Standard          | Diff  | Drive    | Slew | Reg (s)      | Resistor | IOB      |
|                                    |                  |           |                      | Term  | Strength | Rate |              |          | Delay    |
+---------------------------------------------------------------------------------------------------------------------------------------------------------+
| BtnD                               | IOB              | INPUT     | LVCMOS33             |       |          |      |              |          |          |
| BtnL                               | IOB              | INPUT     | LVCMOS33             |       |          |      |              |          |          |
| BtnM                               | IOB              | INPUT     | LVCMOS33             |       |          |      |              |          |          |
| BtnR                               | IOB              | INPUT     | LVCMOS33             |       |          |      |              |          |          |
| BtnU                               | IOB              | INPUT     | LVCMOS33             |       |          |      |              |          |          |
| clk                                | IOB              | INPUT     | LVCMOS33             |       |          |      |              |          |          |
| hsync                              | IOB              | OUTPUT    | LVCMOS33             |       | 12       | SLOW |              |          |          |
| rgb<0>                             | IOB              | OUTPUT    | LVCMOS33             |       | 12       | SLOW |              |          |          |
| rgb<1>                             | IOB              | OUTPUT    | LVCMOS33             |       | 12       | SLOW |              |          |          |
| rgb<2>                             | IOB              | OUTPUT    | LVCMOS33             |       | 12       | SLOW |              |          |          |
| rgb<3>                             | IOB              | OUTPUT    | LVCMOS33             |       | 12       | SLOW |              |          |          |
| rgb<4>                             | IOB              | OUTPUT    | LVCMOS33             |       | 12       | SLOW |              |          |          |
| rgb<5>                             | IOB              | OUTPUT    | LVCMOS33             |       | 12       | SLOW |              |          |          |
| rgb<6>                             | IOB              | OUTPUT    | LVCMOS33             |       | 12       | SLOW |              |          |          |
| rgb<7>                             | IOB              | OUTPUT    | LVCMOS33             |       | 12       | SLOW |              |          |          |
| sw                                 | IOB              | INPUT     | LVCMOS33             |       |          |      |              |          |          |
| vsync                              | IOB              | OUTPUT    | LVCMOS33             |       | 12       | SLOW |              |          |          |
+---------------------------------------------------------------------------------------------------------------------------------------------------------+

Section 7 - RPMs
----------------

Section 8 - Guide Report
------------------------
Guide not run on this design.

Section 9 - Area Group and Partition Summary
--------------------------------------------

Partition Implementation Status
-------------------------------

  No Partitions were found in this design.

-------------------------------

Area Group Information
----------------------

  No area groups were found in this design.

----------------------

Section 10 - Timing Report
--------------------------
A logic-level (pre-route) timing report can be generated by using Xilinx static
timing analysis tools, Timing Analyzer (GUI) or TRCE (command line), with the
mapped NCD and PCF files. Please note that this timing report will be generated
using estimated delay information. For accurate numbers, please generate a
timing report with the post Place and Route NCD file.

For more information about the Timing Analyzer, consult the Xilinx Timing
Analyzer Reference Manual; for more information about TRCE, consult the Xilinx
Command Line Tools User Guide "TRACE" chapter.

Section 11 - Configuration String Details
-----------------------------------------

Section 12 - Control Set Information
------------------------------------
+-------------------------------------------------------------------------------------------------------------------------------------------+
| Clock Signal             | Reset Signal                 | Set Signal | Enable Signal                  | Slice Load Count | Bel Load Count |
+-------------------------------------------------------------------------------------------------------------------------------------------+
| b0/m0/clk_1ms_BUFG       | BtnD_inv                     |            |                                | 1                | 1              |
| b0/m0/clk_1ms_BUFG       | BtnD_inv                     |            | b1/cnt[3]_PWR_5_o_LessThan_3_o | 2                | 4              |
| b0/m0/clk_1ms_BUFG       | BtnL_inv                     |            |                                | 1                | 1              |
| b0/m0/clk_1ms_BUFG       | BtnL_inv                     |            | b2/cnt[3]_PWR_5_o_LessThan_3_o | 2                | 4              |
| b0/m0/clk_1ms_BUFG       | BtnR_inv                     |            |                                | 1                | 1              |
| b0/m0/clk_1ms_BUFG       | BtnR_inv                     |            | b3/cnt[3]_PWR_5_o_LessThan_3_o | 1                | 4              |
| b0/m0/clk_1ms_BUFG       | BtnU_inv                     |            |                                | 1                | 1              |
| b0/m0/clk_1ms_BUFG       | BtnU_inv                     |            | b0/cnt[3]_PWR_5_o_LessThan_3_o | 1                | 4              |
+-------------------------------------------------------------------------------------------------------------------------------------------+
| clk_BUFGP                |                              |            |                                | 232              | 441            |
| clk_BUFGP                |                              |            | b0/m0/n0000_inv                | 1                | 1              |
| clk_BUFGP                |                              |            | vga0/clk0/cnt                  | 1                | 1              |
| clk_BUFGP                | b0/m0/n0000_inv              |            |                                | 4                | 16             |
| clk_BUFGP                | g0/_n3072                    |            |                                | 2                | 4              |
| clk_BUFGP                | g0/_n3077                    |            |                                | 2                | 5              |
| clk_BUFGP                | g0/_n3082                    |            |                                | 2                | 5              |
| clk_BUFGP                | g0/_n3087                    |            |                                | 1                | 4              |
| clk_BUFGP                | g0/_n3089                    |            |                                | 2                | 8              |
| clk_BUFGP                | g0/_n3094_0                  |            |                                | 2                | 3              |
| clk_BUFGP                | g0/randgen/rst_n_inv         |            |                                | 1                | 5              |
| clk_BUFGP                | g0/x[10]_y[10]_AND_152_o_inv |            |                                | 3                | 5              |
+-------------------------------------------------------------------------------------------------------------------------------------------+
| vga0/clk0/clk_pixel_BUFG |                              |            |                                | 2                | 2              |
| vga0/clk0/clk_pixel_BUFG | vga0/_n0038                  |            | vga0/cnt_x_maxed               | 3                | 11             |
| vga0/clk0/clk_pixel_BUFG | vga0/cnt_x_maxed             |            |                                | 3                | 11             |
+-------------------------------------------------------------------------------------------------------------------------------------------+

Section 13 - Utilization by Hierarchy
-------------------------------------
+---------------------------------------------------------------------------------------------------------------------------------------------------------------------------------------+
| Module             | Partition | Slices*       | Slice Reg     | LUTs          | LUTRAM        | BRAM/FIFO | DSP48A1 | BUFG  | BUFIO | BUFR  | DCM   | PLL_ADV   | Full Hierarchical  |
+---------------------------------------------------------------------------------------------------------------------------------------------------------------------------------------+
| main/              |           | 0/1377        | 0/542         | 0/4617        | 0/0           | 0/0       | 0/0     | 1/3   | 0/0   | 0/0   | 0/0   | 0/0       | main               |
| +b0                |           | 2/7           | 5/22          | 4/24          | 0/0           | 0/0       | 0/0     | 0/1   | 0/0   | 0/0   | 0/0   | 0/0       | main/b0            |
| ++m0               |           | 5/5           | 17/17         | 20/20         | 0/0           | 0/0       | 0/0     | 1/1   | 0/0   | 0/0   | 0/0   | 0/0       | main/b0/m0         |
| +b1                |           | 3/3           | 5/5           | 4/4           | 0/0           | 0/0       | 0/0     | 0/0   | 0/0   | 0/0   | 0/0   | 0/0       | main/b1            |
| +b2                |           | 3/3           | 5/5           | 4/4           | 0/0           | 0/0       | 0/0     | 0/0   | 0/0   | 0/0   | 0/0   | 0/0       | main/b2            |
| +b3                |           | 2/2           | 5/5           | 4/4           | 0/0           | 0/0       | 0/0     | 0/0   | 0/0   | 0/0   | 0/0   | 0/0       | main/b3            |
| +g0                |           | 1338/1339     | 474/479       | 4533/4536     | 0/0           | 0/0       | 0/0     | 0/0   | 0/0   | 0/0   | 0/0   | 0/0       | main/g0            |
| ++randgen          |           | 1/1           | 5/5           | 3/3           | 0/0           | 0/0       | 0/0     | 0/0   | 0/0   | 0/0   | 0/0   | 0/0       | main/g0/randgen    |
| +vga0              |           | 21/23         | 24/26         | 43/45         | 0/0           | 0/0       | 0/0     | 0/1   | 0/0   | 0/0   | 0/0   | 0/0       | main/vga0          |
| ++clk0             |           | 2/2           | 2/2           | 2/2           | 0/0           | 0/0       | 0/0     | 1/1   | 0/0   | 0/0   | 0/0   | 0/0       | main/vga0/clk0     |
+---------------------------------------------------------------------------------------------------------------------------------------------------------------------------------------+

* Slices can be packed with basic elements from multiple hierarchies.
  Therefore, a slice will be counted in every hierarchical module
  that each of its packed basic elements belong to.
** For each column, there are two numbers reported <A>/<B>.
   <A> is the number of elements that belong to that specific hierarchical module.
   <B> is the total number of elements from that hierarchical module and any lower level
   hierarchical modules below.
*** The LUTRAM column counts all LUTs used as memory including RAM, ROM, and shift registers.
