Command line:
   timer_1ms_isim_beh.exe
     -simmode  gui
     -simrunnum  0
     -socket  61119

Tue Jun 06 13:11:37 2023


 Elaboration Time: 0.03125 sec

 Current Memory Usage: 821.228 Meg

 Total Signals          : 14
 Total Nets             : 15
 Total Signal Drivers   : 6
 Total Blocks           : 2
 Total Primitive Blocks : 2
 Total Processes        : 9
 Total Traceable Variables  : 20
 Total Scalar Nets and Variables : 112
Total Line Count : 23

 Total Simulation Time: 0.03125 sec

 Current Memory Usage: 822.276 Meg

Tue Jun 06 13:11:45 2023

